{
  "/Users/stefanfrancis/Personal/work/other/RNBoilerplate/src/components/app/index.tsx": {
    "path": "/Users/stefanfrancis/Personal/work/other/RNBoilerplate/src/components/app/index.tsx",
    "statementMap": {
      "0": {
        "start": { "line": 9, "column": 0 },
        "end": { "line": 9, "column": null }
      },
      "1": {
        "start": { "line": 10, "column": 0 },
        "end": { "line": 10, "column": null }
      },
      "2": {
        "start": { "line": 18, "column": 0 },
        "end": { "line": 18, "column": null }
      },
      "3": {
        "start": { "line": 26, "column": 31 },
        "end": { "line": 72, "column": null }
      },
      "4": {
        "start": { "line": 27, "column": 2 },
        "end": { "line": 27, "column": null }
      },
      "5": {
        "start": { "line": 74, "column": 15 },
        "end": { "line": 74, "column": 26 }
      },
      "6": {
        "start": { "line": 113, "column": 0 },
        "end": { "line": 113, "column": 15 }
      }
    },
    "fnMap": {
      "0": {
        "name": "App",
        "decl": {
          "start": { "line": 26, "column": 6 },
          "end": { "line": 26, "column": 9 }
        },
        "loc": {
          "start": { "line": 26, "column": 31 },
          "end": { "line": 72, "column": null }
        }
      }
    },
    "branchMap": {
      "0": {
        "loc": {
          "start": { "line": 35, "column": 52 },
          "end": { "line": 35, "column": null }
        },
        "type": "cond-expr",
        "locations": [
          {
            "start": { "line": 35, "column": 52 },
            "end": { "line": 35, "column": null }
          },
          {
            "start": { "line": 36, "column": 12 },
            "end": { "line": 36, "column": 13 }
          }
        ]
      }
    },
    "s": { "0": 1, "1": 1, "2": 1, "3": 1, "4": 1, "5": 1, "6": 1 },
    "f": { "0": 1 },
    "b": { "0": [1, 0] }
  }
}
